2025-07-17 15:59:51,660 - camera_service - [32mINFO[0m - 📹 Initialized Camera Service
2025-07-17 15:59:54,052 - camera_service - [32mINFO[0m - 📹 Loading cameras from backend...
2025-07-17 15:59:54,075 - camera_service - [32mINFO[0m - ✅ Valid camera: A501 - rtsp://admin:24082003Tl@192.16...
2025-07-17 15:59:54,075 - camera_service - [32mINFO[0m - ✅ Loaded 1 cameras
2025-07-17 15:59:59,316 - camera_service - [32mINFO[0m - 📹 Loading cameras from backend...
2025-07-17 15:59:59,372 - camera_service - [32mINFO[0m - ✅ Valid camera: A501 - rtsp://admin:24082003Tl@192.16...
2025-07-17 15:59:59,372 - camera_service - [32mINFO[0m - ✅ Loaded 1 cameras
2025-07-17 16:14:10,379 - camera_service - [32mINFO[0m - 📹 Initialized Camera Service
2025-07-17 16:14:28,416 - camera_service - [32mINFO[0m - 🔄 Refreshing camera list...
2025-07-17 16:14:28,416 - camera_service - [32mINFO[0m - 📹 Loading cameras from backend...
2025-07-17 16:14:28,595 - camera_service - [32mINFO[0m - ✅ Valid camera: A501 - rtsp://admin:24082003Tl@192.16...
2025-07-17 16:14:28,595 - camera_service - [32mINFO[0m - ✅ Loaded 1 cameras
2025-07-17 16:14:31,157 - camera_service - [32mINFO[0m - 📹 Loading cameras from backend...
2025-07-17 16:14:31,172 - camera_service - [32mINFO[0m - ✅ Valid camera: A501 - rtsp://admin:24082003Tl@192.16...
2025-07-17 16:14:31,173 - camera_service - [32mINFO[0m - ✅ Loaded 1 cameras
2025-07-17 16:17:32,916 - camera_service - [32mINFO[0m - 📹 Initialized Camera Service
2025-07-17 16:17:38,949 - camera_service - [32mINFO[0m - 🔄 Refreshing camera list...
2025-07-17 16:17:38,949 - camera_service - [32mINFO[0m - 📹 Loading cameras from backend...
2025-07-17 16:17:38,966 - camera_service - [32mINFO[0m - ✅ Valid camera: A501 - rtsp://admin:24082003Tl@192.16...
2025-07-17 16:17:38,966 - camera_service - [32mINFO[0m - ✅ Loaded 1 cameras
2025-07-17 16:17:42,506 - camera_service - [32mINFO[0m - 📹 Loading cameras from backend...
2025-07-17 16:17:42,526 - camera_service - [32mINFO[0m - ✅ Valid camera: A501 - rtsp://admin:24082003Tl@192.16...
2025-07-17 16:17:42,526 - camera_service - [32mINFO[0m - ✅ Loaded 1 cameras
2025-07-17 16:23:04,722 - camera_service - [32mINFO[0m - 📹 Initialized Camera Service
2025-07-17 16:23:07,903 - camera_service - [32mINFO[0m - 📹 Loading cameras from backend...
2025-07-17 16:23:07,913 - camera_service - [32mINFO[0m - ✅ Valid camera: A501 - rtsp://admin:24082003Tl@192.16...
2025-07-17 16:23:07,913 - camera_service - [32mINFO[0m - ✅ Loaded 1 cameras
2025-07-17 16:23:11,881 - camera_service - [32mINFO[0m - 📹 Loading cameras from backend...
2025-07-17 16:23:11,892 - camera_service - [32mINFO[0m - ✅ Valid camera: A501 - rtsp://admin:24082003Tl@192.16...
2025-07-17 16:23:11,893 - camera_service - [32mINFO[0m - ✅ Loaded 1 cameras
2025-07-17 16:25:57,494 - camera_service - [32mINFO[0m - 📹 Initialized Camera Service
2025-07-17 16:26:00,610 - camera_service - [32mINFO[0m - 📹 Loading cameras from backend...
2025-07-17 16:26:00,619 - camera_service - [32mINFO[0m - ✅ Valid camera: A501 - rtsp://admin:24082003Tl@192.16...
2025-07-17 16:26:00,619 - camera_service - [32mINFO[0m - ✅ Loaded 1 cameras
2025-07-17 16:26:04,465 - camera_service - [32mINFO[0m - 📹 Loading cameras from backend...
2025-07-17 16:26:04,476 - camera_service - [32mINFO[0m - ✅ Valid camera: A501 - rtsp://admin:24082003Tl@192.16...
2025-07-17 16:26:04,476 - camera_service - [32mINFO[0m - ✅ Loaded 1 cameras
2025-07-17 16:29:25,231 - camera_service - [32mINFO[0m - 📹 Initialized Camera Service
2025-07-17 16:29:28,510 - camera_service - [32mINFO[0m - 📹 Loading cameras from backend...
2025-07-17 16:29:28,521 - camera_service - [32mINFO[0m - ✅ Valid camera: A501 - rtsp://admin:24082003Tl@192.16...
2025-07-17 16:29:28,521 - camera_service - [32mINFO[0m - ✅ Loaded 1 cameras
2025-07-17 16:29:36,334 - camera_service - [32mINFO[0m - 📹 Loading cameras from backend...
2025-07-17 16:29:36,346 - camera_service - [32mINFO[0m - ✅ Valid camera: A501 - rtsp://admin:24082003Tl@192.16...
2025-07-17 16:29:36,346 - camera_service - [32mINFO[0m - ✅ Loaded 1 cameras
2025-07-17 16:31:28,340 - camera_service - [32mINFO[0m - 📹 Initialized Camera Service
2025-07-17 16:31:31,367 - camera_service - [32mINFO[0m - 📹 Loading cameras from backend...
2025-07-17 16:31:31,372 - camera_service - [32mINFO[0m - ✅ Valid camera: A501 - rtsp://admin:24082003Tl@192.16...
2025-07-17 16:31:31,372 - camera_service - [32mINFO[0m - ✅ Loaded 1 cameras
2025-07-17 16:31:37,849 - camera_service - [32mINFO[0m - 📹 Loading cameras from backend...
2025-07-17 16:31:37,857 - camera_service - [32mINFO[0m - ✅ Valid camera: A501 - rtsp://admin:24082003Tl@192.16...
2025-07-17 16:31:37,857 - camera_service - [32mINFO[0m - ✅ Loaded 1 cameras
2025-07-17 16:48:17,254 - camera_service - [32mINFO[0m - 📹 Initialized Camera Service
2025-07-17 16:48:20,979 - camera_service - [32mINFO[0m - 📹 Loading cameras from backend...
2025-07-17 16:48:20,999 - camera_service - [32mINFO[0m - ✅ Valid camera: A501 - rtsp://admin:24082003Tl@192.16...
2025-07-17 16:48:20,999 - camera_service - [32mINFO[0m - ✅ Loaded 1 cameras
2025-07-17 16:53:51,220 - camera_service - [32mINFO[0m - 📹 Initialized Camera Service
2025-07-17 16:53:54,880 - camera_service - [32mINFO[0m - 📹 Loading cameras from backend...
2025-07-17 16:53:54,896 - camera_service - [32mINFO[0m - ✅ Valid camera: A501 - rtsp://admin:24082003Tl@192.16...
2025-07-17 16:53:54,896 - camera_service - [32mINFO[0m - ✅ Loaded 1 cameras
2025-07-17 16:53:57,147 - camera_service - [32mINFO[0m - 📹 Loading cameras from backend...
2025-07-17 16:53:57,156 - camera_service - [32mINFO[0m - ✅ Valid camera: A501 - rtsp://admin:24082003Tl@192.16...
2025-07-17 16:53:57,156 - camera_service - [32mINFO[0m - ✅ Loaded 1 cameras
2025-07-17 16:58:00,890 - camera_service - [32mINFO[0m - 📹 Initialized Camera Service
2025-07-17 16:58:04,812 - camera_service - [32mINFO[0m - 📹 Loading cameras from backend...
2025-07-17 16:58:04,821 - camera_service - [32mINFO[0m - ✅ Valid camera: A501 - rtsp://admin:24082003Tl@192.16...
2025-07-17 16:58:04,821 - camera_service - [32mINFO[0m - ✅ Loaded 1 cameras
2025-07-17 16:58:07,782 - camera_service - [32mINFO[0m - 📹 Loading cameras from backend...
2025-07-17 16:58:07,791 - camera_service - [32mINFO[0m - ✅ Valid camera: A501 - rtsp://admin:24082003Tl@192.16...
2025-07-17 16:58:07,791 - camera_service - [32mINFO[0m - ✅ Loaded 1 cameras
2025-07-17 17:02:15,913 - camera_service - [32mINFO[0m - 📹 Initialized Camera Service
2025-07-17 17:02:19,021 - camera_service - [32mINFO[0m - 📹 Loading cameras from backend...
2025-07-17 17:02:19,029 - camera_service - [32mINFO[0m - ✅ Valid camera: A501 - rtsp://admin:24082003Tl@192.16...
2025-07-17 17:02:19,029 - camera_service - [32mINFO[0m - ✅ Loaded 1 cameras
2025-07-17 17:02:19,499 - camera_service - [32mINFO[0m - 📹 Loading cameras from backend...
2025-07-17 17:02:19,506 - camera_service - [32mINFO[0m - ✅ Valid camera: A501 - rtsp://admin:24082003Tl@192.16...
2025-07-17 17:02:19,506 - camera_service - [32mINFO[0m - ✅ Loaded 1 cameras
2025-07-17 17:06:45,886 - camera_service - [32mINFO[0m - 📹 Initialized Camera Service
2025-07-17 17:06:49,458 - camera_service - [32mINFO[0m - 📹 Loading cameras from backend...
2025-07-17 17:06:49,463 - camera_service - [32mINFO[0m - ✅ Valid camera: A501 - rtsp://admin:24082003Tl@192.16...
2025-07-17 17:06:49,463 - camera_service - [32mINFO[0m - ✅ Loaded 1 cameras
2025-07-17 17:06:50,067 - camera_service - [32mINFO[0m - 📹 Loading cameras from backend...
2025-07-17 17:06:50,074 - camera_service - [32mINFO[0m - ✅ Valid camera: A501 - rtsp://admin:24082003Tl@192.16...
2025-07-17 17:06:50,075 - camera_service - [32mINFO[0m - ✅ Loaded 1 cameras
2025-07-17 17:09:03,041 - camera_service - [32mINFO[0m - 📹 Initialized Camera Service
2025-07-17 17:09:05,982 - camera_service - [32mINFO[0m - 📹 Loading cameras from backend...
2025-07-17 17:09:05,985 - camera_service - [32mINFO[0m - ✅ Valid camera: A501 - rtsp://admin:24082003Tl@192.16...
2025-07-17 17:09:05,985 - camera_service - [32mINFO[0m - ✅ Loaded 1 cameras
2025-07-17 17:09:06,477 - camera_service - [32mINFO[0m - 📹 Loading cameras from backend...
2025-07-17 17:09:06,481 - camera_service - [32mINFO[0m - ✅ Valid camera: A501 - rtsp://admin:24082003Tl@192.16...
2025-07-17 17:09:06,481 - camera_service - [32mINFO[0m - ✅ Loaded 1 cameras
2025-07-17 17:14:21,430 - camera_service - [32mINFO[0m - 📹 Initialized Camera Service
2025-07-17 17:14:25,027 - camera_service - [32mINFO[0m - 📹 Loading cameras from backend...
2025-07-17 17:14:25,032 - camera_service - [32mINFO[0m - ✅ Valid camera: A501 - rtsp://admin:24082003Tl@192.16...
2025-07-17 17:14:25,032 - camera_service - [32mINFO[0m - ✅ Loaded 1 cameras
2025-07-17 17:14:29,919 - camera_service - [32mINFO[0m - 📹 Loading cameras from backend...
2025-07-17 17:14:29,935 - camera_service - [32mINFO[0m - ✅ Valid camera: A501 - rtsp://admin:24082003Tl@192.16...
2025-07-17 17:14:29,935 - camera_service - [32mINFO[0m - ✅ Loaded 1 cameras
2025-07-17 17:29:49,240 - camera_service - [32mINFO[0m - 📹 Initialized Camera Service
2025-07-17 17:29:52,938 - camera_service - [32mINFO[0m - 📹 Loading cameras from backend...
2025-07-17 17:29:52,945 - camera_service - [32mINFO[0m - ✅ Valid camera: A501 - rtsp://admin:24082003Tl@192.16...
2025-07-17 17:29:52,945 - camera_service - [32mINFO[0m - ✅ Loaded 1 cameras
2025-07-17 17:29:57,571 - camera_service - [32mINFO[0m - 📹 Loading cameras from backend...
2025-07-17 17:29:57,582 - camera_service - [32mINFO[0m - ✅ Valid camera: A501 - rtsp://admin:24082003Tl@192.16...
2025-07-17 17:29:57,582 - camera_service - [32mINFO[0m - ✅ Loaded 1 cameras
2025-07-17 17:37:54,234 - camera_service - [32mINFO[0m - 📹 Initialized Camera Service
2025-07-17 17:37:58,177 - camera_service - [32mINFO[0m - 📹 Loading cameras from backend...
2025-07-17 17:37:58,184 - camera_service - [32mINFO[0m - ✅ Valid camera: A501 - rtsp://admin:24082003Tl@192.16...
2025-07-17 17:37:58,184 - camera_service - [32mINFO[0m - ✅ Loaded 1 cameras
2025-07-17 17:38:01,230 - camera_service - [32mINFO[0m - 📹 Loading cameras from backend...
2025-07-17 17:38:01,242 - camera_service - [32mINFO[0m - ✅ Valid camera: A501 - rtsp://admin:24082003Tl@192.16...
2025-07-17 17:38:01,242 - camera_service - [32mINFO[0m - ✅ Loaded 1 cameras
2025-07-17 17:40:38,740 - camera_service - [32mINFO[0m - 📹 Initialized Camera Service
2025-07-17 17:40:42,693 - camera_service - [32mINFO[0m - 📹 Loading cameras from backend...
2025-07-17 17:40:42,698 - camera_service - [32mINFO[0m - ✅ Valid camera: A501 - rtsp://admin:24082003Tl@192.16...
2025-07-17 17:40:42,698 - camera_service - [32mINFO[0m - ✅ Loaded 1 cameras
2025-07-17 17:40:42,785 - camera_service - [32mINFO[0m - 📹 Loading cameras from backend...
2025-07-17 17:40:42,792 - camera_service - [32mINFO[0m - ✅ Valid camera: A501 - rtsp://admin:24082003Tl@192.16...
2025-07-17 17:40:42,792 - camera_service - [32mINFO[0m - ✅ Loaded 1 cameras
